===== 2026-03-13 22:35:05 =====
[1/3] Running daily_analysis.py...
📊 当前池子: 5 只 | 起始日期: 2026-03-12 | 第 2 天
============================================================
💰 拉取新浪全市场资金流向...
  ✅ 获取 1000 条资金数据

📊 评分 5 只自选股...
  [1/5] sh603158 腾龙股份
  [2/5] sz002063 远光软件
  [3/5] sz002157 正邦科技
  [4/5] sh601669 中国电建
  [5/5] sz300129 泰胜风能

📊 评分完成。最低: sz002063=39分  最高: sh601669=75分

⏳ 池子运行 2 天 < 10 天，暂不淘汰

🔍 扫描板块，寻找 5 只补入候选...
============================================================
[板块扫描] 开始 2026-03-13 22:35:18
============================================================
[板块排名] 拉取新浪板块资金排名...
[板块排名] 获取到 20 个板块

[资金排名] 拉取全市场个股资金排名...
  [资金排名] 流入 TOP500: 500 条
  [资金排名] 流出 TOP500: 500 条
[资金排名] 共获取 1000 只个股资金数据

--- 板块: 风电 (gn_fd) 净流入: 85.86亿 ---
  成分股: 50 只
  热门个股: 5 只

--- 板块: 光伏概念 (gn_gfgn) 净流入: 80.79亿 ---
  成分股: 50 只
  热门个股: 5 只

--- 板块: 锂电池 (gn_ldc) 净流入: 70.56亿 ---
  成分股: 50 只
  热门个股: 5 只

--- 板块: 水利建设 (gn_sljs) 净流入: 57.98亿 ---
  成分股: 19 只
  热门个股: 2 只

--- 板块: 保险重仓 (gn_bxzc) 净流入: 57.66亿 ---
  成分股: 50 只
  热门个股: 5 只

--- 板块: 社保重仓 (gn_sbzc) 净流入: 53.31亿 ---
  成分股: 50 只
  热门个股: 5 只

--- 板块: 核电核能 (gn_hdhn) 净流入: 52.65亿 ---
  成分股: 50 只
  热门个股: 5 只

--- 板块: 资产注入 (gn_zczr) 净流入: 51.59亿 ---
  成分股: 50 只
  热门个股: 3 只

--- 板块: 固态电池 (gn_gtdc) 净流入: 37.20亿 ---
  成分股: 29 只
  热门个股: 5 只

--- 板块: 券商重仓 (gn_qszc) 净流入: 33.49亿 ---
  成分股: 50 只
  热门个股: 5 只

============================================================
[板块扫描] 完成！板块: 10  推荐: 10
  输出: /Users/chenzidong/chenpitang/project/stock-monitor-web/data/sectors.json
============================================================
  板块扫描返回 10 只候选
  📊 评分候选: sz002015 协鑫能科
  📊 评分候选: sh601991 大唐发电
  📊 评分候选: sz300185 通裕重工
  ⛔ sz300185 通裕重工: 财务D级
  📊 评分候选: sz002487 大金重工
  📊 评分候选: sz000792 盐湖股份
  📊 评分候选: sz002056 横店东磁
  📊 评分候选: sz002165 红 宝 丽
  📊 评分候选: sz002384 东山精密
  📊 评分候选: sz300035 中科电气
  📊 评分候选: sh600096 云天化

✅ 补入 5 只:
  ➕ sz002056 横店东磁: 97分 [光伏概念]
  ➕ sh600096 云天化: 84分 [锂电池]
  ➕ sz002487 大金重工: 83分 [风电]
  ➕ sh601991 大唐发电: 76分 [风电]
  ➕ sz000792 盐湖股份: 72分 [保险重仓]

✅ 写入 /Users/chenzidong/chenpitang/project/stock-monitor-web/data/watchlist.json (v20260313a, 10只)
✅ 写入 /Users/chenzidong/chenpitang/project/stock-monitor-web/data/analysis.json
✅ 写入 /Users/chenzidong/chenpitang/project/stock-monitor-web/data/history.json
  ✅ 更新 js/store.js: version=20260313a

============================================================
📊 汇总:
  池子: 5 → 10 只
  淘汰: 0 只
  补入: 5 只
  版本: 20260313a
============================================================
[2/3] Running sector_scan.py...
============================================================
[板块扫描] 开始 2026-03-13 22:35:49
============================================================
[板块排名] 拉取新浪板块资金排名...
[板块排名] 获取到 20 个板块

[资金排名] 拉取全市场个股资金排名...
  [资金排名] 流入 TOP500: 500 条
  [资金排名] 流出 TOP500: 500 条
[资金排名] 共获取 1000 只个股资金数据

--- 板块: 风电 (gn_fd) 净流入: 85.86亿 ---
  成分股: 50 只
  热门个股: 5 只

--- 板块: 光伏概念 (gn_gfgn) 净流入: 80.79亿 ---
  成分股: 50 只
  热门个股: 5 只

--- 板块: 锂电池 (gn_ldc) 净流入: 70.56亿 ---
  成分股: 50 只
  热门个股: 5 只

--- 板块: 水利建设 (gn_sljs) 净流入: 57.98亿 ---
  成分股: 19 只
  热门个股: 2 只

--- 板块: 保险重仓 (gn_bxzc) 净流入: 57.66亿 ---
  成分股: 50 只
  热门个股: 5 只

--- 板块: 社保重仓 (gn_sbzc) 净流入: 53.31亿 ---
  成分股: 50 只
  热门个股: 5 只

--- 板块: 核电核能 (gn_hdhn) 净流入: 52.65亿 ---
  成分股: 50 只
  热门个股: 5 只

--- 板块: 资产注入 (gn_zczr) 净流入: 51.59亿 ---
  成分股: 50 只
  热门个股: 3 只

--- 板块: 固态电池 (gn_gtdc) 净流入: 37.20亿 ---
  成分股: 29 只
  热门个股: 5 只

--- 板块: 券商重仓 (gn_qszc) 净流入: 33.49亿 ---
  成分股: 50 只
  热门个股: 5 只

============================================================
[板块扫描] 完成！板块: 10  推荐: 10
  输出: /Users/chenzidong/chenpitang/project/stock-monitor-web/data/sectors.json
============================================================
[3/3] Git push...
